<?xml version="1.0" encoding="UTF-8"?>
<robot generator="Robot 7.0.1 (Python 3.11.3 on win32)" generated="2024-11-03T12:44:46.562036" rpa="false" schemaversion="5">
<suite id="s1" name="Robotdropwm" source="C:\Users\Shree\Desktop\New_Python\pipexAutomation\robotdropwm.robot">
<test id="s1-t1" name="Form Filling" line="8">
<kw name="Get Selenium Speed" owner="SeleniumLibrary">
<msg time="2024-11-03T12:44:46.742059" level="INFO">${speed} = 0 seconds</msg>
<var>${speed}</var>
<doc>Gets the delay that is waited after each Selenium command.</doc>
<status status="PASS" start="2024-11-03T12:44:46.742059" elapsed="0.000000"/>
</kw>
<kw name="Log To Console" owner="BuiltIn">
<arg>${speed}</arg>
<doc>Logs the given message to the console.</doc>
<status status="PASS" start="2024-11-03T12:44:46.742059" elapsed="0.000000"/>
</kw>
<kw name="Open Browser" owner="SeleniumLibrary">
<msg time="2024-11-03T12:44:46.742059" level="INFO">Opening browser 'chrome' to base url 'https://fs2.formsite.com/meherpavan/form2/index.html?1537702596407'.</msg>
<arg>https://fs2.formsite.com/meherpavan/form2/index.html?1537702596407</arg>
<arg>chrome</arg>
<doc>Opens a new browser instance to the optional ``url``.</doc>
<status status="PASS" start="2024-11-03T12:44:46.742059" elapsed="3.941112"/>
</kw>
<kw name="Set Selenium Speed" owner="SeleniumLibrary">
<arg>3 seconds</arg>
<doc>Sets the delay that is waited after each Selenium command.</doc>
<status status="PASS" start="2024-11-03T12:44:50.685855" elapsed="0.000000"/>
</kw>
<kw name="Maximize Browser Window" owner="SeleniumLibrary">
<doc>Maximizes current browser window.</doc>
<status status="PASS" start="2024-11-03T12:44:50.687657" elapsed="3.039418"/>
</kw>
<kw name="Input Text" owner="SeleniumLibrary">
<msg time="2024-11-03T12:44:53.727075" level="INFO">Typing text 'Vishal' into text field 'RESULT_TextField-1'.</msg>
<arg>RESULT_TextField-1</arg>
<arg>Vishal</arg>
<doc>Types the given ``text`` into the text field identified by ``locator``.</doc>
<status status="PASS" start="2024-11-03T12:44:53.727075" elapsed="9.248070"/>
</kw>
<kw name="Input Text" owner="SeleniumLibrary">
<msg time="2024-11-03T12:45:02.975779" level="INFO">Typing text 'Harane' into text field 'RESULT_TextField-2'.</msg>
<arg>RESULT_TextField-2</arg>
<arg>Harane</arg>
<doc>Types the given ``text`` into the text field identified by ``locator``.</doc>
<status status="PASS" start="2024-11-03T12:45:02.975779" elapsed="9.109319"/>
</kw>
<kw name="Input Text" owner="SeleniumLibrary">
<msg time="2024-11-03T12:45:12.085098" level="INFO">Typing text '9098898988' into text field 'RESULT_TextField-3'.</msg>
<arg>RESULT_TextField-3</arg>
<arg>9098898988</arg>
<doc>Types the given ``text`` into the text field identified by ``locator``.</doc>
<status status="PASS" start="2024-11-03T12:45:12.085098" elapsed="9.132612"/>
</kw>
<kw name="Input Text" owner="SeleniumLibrary">
<msg time="2024-11-03T12:45:21.217710" level="INFO">Typing text 'india' into text field 'RESULT_TextField-4'.</msg>
<arg>RESULT_TextField-4</arg>
<arg>india</arg>
<doc>Types the given ``text`` into the text field identified by ``locator``.</doc>
<status status="PASS" start="2024-11-03T12:45:21.217710" elapsed="9.165358"/>
</kw>
<kw name="Input Text" owner="SeleniumLibrary">
<msg time="2024-11-03T12:45:30.383068" level="INFO">Typing text 'washim' into text field 'RESULT_TextField-5'.</msg>
<arg>RESULT_TextField-5</arg>
<arg>washim</arg>
<doc>Types the given ``text`` into the text field identified by ``locator``.</doc>
<status status="PASS" start="2024-11-03T12:45:30.383068" elapsed="9.126911"/>
</kw>
<kw name="Input Text" owner="SeleniumLibrary">
<msg time="2024-11-03T12:45:39.509979" level="INFO">Typing text 'vishu@gmail.com' into text field 'RESULT_TextField-6'.</msg>
<arg>RESULT_TextField-6</arg>
<arg>vishu@gmail.com</arg>
<doc>Types the given ``text`` into the text field identified by ``locator``.</doc>
<status status="PASS" start="2024-11-03T12:45:39.509979" elapsed="9.150228"/>
</kw>
<kw name="Scroll Element Into View" owner="SeleniumLibrary">
<arg>//label[@for='RESULT_CheckBox-8_4']</arg>
<doc>Scrolls the element identified by ``locator`` into view.</doc>
<status status="PASS" start="2024-11-03T12:45:48.660207" elapsed="6.293738"/>
</kw>
<kw name="Sleep" owner="BuiltIn">
<msg time="2024-11-03T12:46:04.954260" level="INFO">Slept 10 seconds.</msg>
<arg>10</arg>
<doc>Pauses the test executed for the given time.</doc>
<status status="PASS" start="2024-11-03T12:45:54.953945" elapsed="10.000315"/>
</kw>
<kw name="Click Element" owner="SeleniumLibrary">
<msg time="2024-11-03T12:46:04.954260" level="INFO">Clicking element 'xpath=//label[@for='RESULT_RadioButton-7_0']'.</msg>
<arg>xpath=//label[@for='RESULT_RadioButton-7_0']</arg>
<doc>Click the element identified by ``locator``.</doc>
<status status="PASS" start="2024-11-03T12:46:04.954260" elapsed="6.063472"/>
</kw>
<kw name="Sleep" owner="BuiltIn">
<msg time="2024-11-03T12:46:20.018922" level="INFO">Slept 9 seconds.</msg>
<arg>9</arg>
<doc>Pauses the test executed for the given time.</doc>
<status status="PASS" start="2024-11-03T12:46:11.017732" elapsed="9.001190"/>
</kw>
<kw name="Click Element" owner="SeleniumLibrary">
<msg time="2024-11-03T12:46:20.018922" level="INFO">Clicking element 'xpath=//label[@for='RESULT_CheckBox-8_0']'.</msg>
<arg>xpath=//label[@for='RESULT_CheckBox-8_0']</arg>
<doc>Click the element identified by ``locator``.</doc>
<status status="PASS" start="2024-11-03T12:46:20.018922" elapsed="6.072036"/>
</kw>
<kw name="Sleep" owner="BuiltIn">
<msg time="2024-11-03T12:46:30.092817" level="INFO">Slept 4 seconds.</msg>
<arg>4</arg>
<doc>Pauses the test executed for the given time.</doc>
<status status="PASS" start="2024-11-03T12:46:26.091992" elapsed="4.000825"/>
</kw>
<kw name="Click Element" owner="SeleniumLibrary">
<msg time="2024-11-03T12:46:30.092817" level="INFO">Clicking element 'xpath=//label[@for='RESULT_CheckBox-8_1']'.</msg>
<arg>xpath=//label[@for='RESULT_CheckBox-8_1']</arg>
<doc>Click the element identified by ``locator``.</doc>
<status status="PASS" start="2024-11-03T12:46:30.092817" elapsed="6.061931"/>
</kw>
<kw name="Click Element" owner="SeleniumLibrary">
<msg time="2024-11-03T12:46:36.154748" level="INFO">Clicking element 'xpath=//label[@for='RESULT_CheckBox-8_2']'.</msg>
<arg>xpath=//label[@for='RESULT_CheckBox-8_2']</arg>
<doc>Click the element identified by ``locator``.</doc>
<status status="PASS" start="2024-11-03T12:46:36.154748" elapsed="6.058674"/>
</kw>
<kw name="Click Element" owner="SeleniumLibrary">
<msg time="2024-11-03T12:46:42.213422" level="INFO">Clicking element 'xpath=//label[@for='RESULT_CheckBox-8_3']'.</msg>
<arg>xpath=//label[@for='RESULT_CheckBox-8_3']</arg>
<doc>Click the element identified by ``locator``.</doc>
<status status="PASS" start="2024-11-03T12:46:42.213422" elapsed="6.080261"/>
</kw>
<kw name="Click Element" owner="SeleniumLibrary">
<msg time="2024-11-03T12:46:48.293683" level="INFO">Clicking element 'xpath=//label[@for='RESULT_CheckBox-8_4']'.</msg>
<arg>xpath=//label[@for='RESULT_CheckBox-8_4']</arg>
<doc>Click the element identified by ``locator``.</doc>
<status status="PASS" start="2024-11-03T12:46:48.293683" elapsed="6.113163"/>
</kw>
<kw name="Click Element" owner="SeleniumLibrary">
<msg time="2024-11-03T12:46:54.406846" level="INFO">Clicking element 'xpath=//label[@for='RESULT_CheckBox-8_5']'.</msg>
<arg>xpath=//label[@for='RESULT_CheckBox-8_5']</arg>
<doc>Click the element identified by ``locator``.</doc>
<status status="PASS" start="2024-11-03T12:46:54.406846" elapsed="6.080435"/>
</kw>
<kw name="Click Element" owner="SeleniumLibrary">
<msg time="2024-11-03T12:47:00.487281" level="INFO">Clicking element 'xpath=//label[@for='RESULT_CheckBox-8_6']'.</msg>
<arg>xpath=//label[@for='RESULT_CheckBox-8_6']</arg>
<doc>Click the element identified by ``locator``.</doc>
<status status="PASS" start="2024-11-03T12:47:00.487281" elapsed="6.061091"/>
</kw>
<kw name="Select From List By Label" owner="SeleniumLibrary">
<msg time="2024-11-03T12:47:06.548372" level="INFO">Selecting options from selection list 'RESULT_RadioButton-9' by label Afternoon.</msg>
<arg>RESULT_RadioButton-9</arg>
<arg>Afternoon</arg>
<doc>Selects options from selection list ``locator`` by ``labels``.</doc>
<status status="PASS" start="2024-11-03T12:47:06.548372" elapsed="21.099641"/>
</kw>
<kw name="Select From List By Index" owner="SeleniumLibrary">
<msg time="2024-11-03T12:47:27.648013" level="INFO">Selecting options from selection list 'RESULT_RadioButton-9' by index 2.</msg>
<arg>RESULT_RadioButton-9</arg>
<arg>2</arg>
<doc>Selects options from selection list ``locator`` by ``indexes``.</doc>
<status status="PASS" start="2024-11-03T12:47:27.648013" elapsed="24.154544"/>
</kw>
<kw name="Get Selenium Speed" owner="SeleniumLibrary">
<msg time="2024-11-03T12:47:51.802557" level="INFO">${speed} = 3 seconds</msg>
<var>${speed}</var>
<doc>Gets the delay that is waited after each Selenium command.</doc>
<status status="PASS" start="2024-11-03T12:47:51.802557" elapsed="0.000000"/>
</kw>
<kw name="Log To Console" owner="BuiltIn">
<arg>${speed}</arg>
<doc>Logs the given message to the console.</doc>
<status status="PASS" start="2024-11-03T12:47:51.802557" elapsed="0.000000"/>
</kw>
<kw name="Sleep" owner="BuiltIn">
<msg time="2024-11-03T12:47:53.803035" level="INFO">Slept 2 seconds.</msg>
<arg>2</arg>
<doc>Pauses the test executed for the given time.</doc>
<status status="PASS" start="2024-11-03T12:47:51.802557" elapsed="2.000478"/>
</kw>
<kw name="Close Browser" owner="SeleniumLibrary">
<doc>Closes the current browser.</doc>
<status status="PASS" start="2024-11-03T12:47:53.803035" elapsed="5.129292"/>
</kw>
<status status="PASS" start="2024-11-03T12:44:46.742059" elapsed="192.190268"/>
</test>
<status status="PASS" start="2024-11-03T12:44:46.562036" elapsed="192.370291"/>
</suite>
<statistics>
<total>
<stat pass="1" fail="0" skip="0">All Tests</stat>
</total>
<tag>
</tag>
<suite>
<stat pass="1" fail="0" skip="0" id="s1" name="Robotdropwm">Robotdropwm</stat>
</suite>
</statistics>
<errors>
</errors>
</robot>
