<?xml version="1.0" encoding="UTF-8"?>
<robot generator="Robot 7.0.1 (Python 3.11.3 on win32)" generated="2024-09-29T14:10:48.324308" rpa="false" schemaversion="5">
<suite id="s1" name="OrgeHRM" source="C:\Users\Shree\Desktop\New_Python\OrgeHRM">
<suite id="s1-s1" name="Imlicitwait" source="C:\Users\Shree\Desktop\New_Python\OrgeHRM\imlicitwait.robot">
<test id="s1-s1-t1" name="Form Filling" line="8">
<kw name="Open Browser" owner="SeleniumLibrary">
<msg time="2024-09-29T14:10:48.534762" level="INFO">Opening browser 'chrome' to base url 'https://fs2.formsite.com/meherpavan/form2/index.html?1537702596407'.</msg>
<arg>https://fs2.formsite.com/meherpavan/form2/index.html?1537702596407</arg>
<arg>chrome</arg>
<doc>Opens a new browser instance to the optional ``url``.</doc>
<status status="PASS" start="2024-09-29T14:10:48.534762" elapsed="4.183728"/>
</kw>
<kw name="Maximize Browser Window" owner="SeleniumLibrary">
<doc>Maximizes current browser window.</doc>
<status status="PASS" start="2024-09-29T14:10:52.718490" elapsed="0.051397"/>
</kw>
<kw name="Set Selenium Implicit Wait" owner="SeleniumLibrary">
<arg>10 seconds</arg>
<doc>Sets the implicit wait value used by Selenium.</doc>
<status status="PASS" start="2024-09-29T14:10:52.769887" elapsed="0.004600"/>
</kw>
<kw name="Input Text" owner="SeleniumLibrary">
<msg time="2024-09-29T14:10:52.776015" level="INFO">Typing text 'Vishal' into text field 'RESULT_TextField-1'.</msg>
<arg>RESULT_TextField-1</arg>
<arg>Vishal</arg>
<doc>Types the given ``text`` into the text field identified by ``locator``.</doc>
<status status="PASS" start="2024-09-29T14:10:52.774487" elapsed="0.146456"/>
</kw>
<kw name="Input Text" owner="SeleniumLibrary">
<msg time="2024-09-29T14:10:52.920943" level="INFO">Typing text 'Harane' into text field 'RESULT_TextField-2'.</msg>
<arg>RESULT_TextField-2</arg>
<arg>Harane</arg>
<doc>Types the given ``text`` into the text field identified by ``locator``.</doc>
<status status="PASS" start="2024-09-29T14:10:52.920943" elapsed="0.100252"/>
</kw>
<kw name="Input Text" owner="SeleniumLibrary">
<msg time="2024-09-29T14:10:53.021195" level="INFO">Typing text '9098898988' into text field 'RESULT_TextField-3'.</msg>
<arg>RESULT_TextField-3</arg>
<arg>9098898988</arg>
<doc>Types the given ``text`` into the text field identified by ``locator``.</doc>
<status status="PASS" start="2024-09-29T14:10:53.021195" elapsed="0.083643"/>
</kw>
<kw name="Input Text" owner="SeleniumLibrary">
<msg time="2024-09-29T14:10:53.111997" level="INFO">Typing text 'india' into text field 'RESULT_TextField-4'.</msg>
<arg>RESULT_TextField-4</arg>
<arg>india</arg>
<doc>Types the given ``text`` into the text field identified by ``locator``.</doc>
<status status="PASS" start="2024-09-29T14:10:53.104838" elapsed="0.099447"/>
</kw>
<kw name="Input Text" owner="SeleniumLibrary">
<msg time="2024-09-29T14:10:53.204285" level="INFO">Typing text 'washim' into text field 'RESULT_TextField-5'.</msg>
<arg>RESULT_TextField-5</arg>
<arg>washim</arg>
<doc>Types the given ``text`` into the text field identified by ``locator``.</doc>
<status status="PASS" start="2024-09-29T14:10:53.204285" elapsed="0.100433"/>
</kw>
<kw name="Input Text" owner="SeleniumLibrary">
<msg time="2024-09-29T14:10:53.304718" level="INFO">Typing text 'vishu@gmail.com' into text field 'RESULT_TextField-6'.</msg>
<arg>RESULT_TextField-6</arg>
<arg>vishu@gmail.com</arg>
<doc>Types the given ``text`` into the text field identified by ``locator``.</doc>
<status status="PASS" start="2024-09-29T14:10:53.304718" elapsed="0.099352"/>
</kw>
<kw name="Scroll Element Into View" owner="SeleniumLibrary">
<arg>//label[@for='RESULT_CheckBox-8_4']</arg>
<doc>Scrolls the element identified by ``locator`` into view.</doc>
<status status="PASS" start="2024-09-29T14:10:53.404070" elapsed="0.311443"/>
</kw>
<kw name="Click Element" owner="SeleniumLibrary">
<msg time="2024-09-29T14:10:53.715513" level="INFO">Clicking element 'xpath=//label[@for='RESULT_RadioButton-7_0']'.</msg>
<arg>xpath=//label[@for='RESULT_RadioButton-7_0']</arg>
<doc>Click the element identified by ``locator``.</doc>
<status status="PASS" start="2024-09-29T14:10:53.715513" elapsed="0.057422"/>
</kw>
<kw name="Click Element" owner="SeleniumLibrary">
<msg time="2024-09-29T14:10:53.772935" level="INFO">Clicking element 'xpath=//label[@for='RESULT_CheckBox-8_0']'.</msg>
<arg>xpath=//label[@for='RESULT_CheckBox-8_0']</arg>
<doc>Click the element identified by ``locator``.</doc>
<status status="PASS" start="2024-09-29T14:10:53.772935" elapsed="0.091765"/>
</kw>
<kw name="Click Element" owner="SeleniumLibrary">
<msg time="2024-09-29T14:10:53.864700" level="INFO">Clicking element 'xpath=//label[@for='RESULT_CheckBox-8_1']'.</msg>
<arg>xpath=//label[@for='RESULT_CheckBox-8_1']</arg>
<doc>Click the element identified by ``locator``.</doc>
<status status="PASS" start="2024-09-29T14:10:53.864700" elapsed="0.060159"/>
</kw>
<kw name="Click Element" owner="SeleniumLibrary">
<msg time="2024-09-29T14:10:53.924859" level="INFO">Clicking element 'xpath=//label[@for='RESULT_CheckBox-8_2']'.</msg>
<arg>xpath=//label[@for='RESULT_CheckBox-8_2']</arg>
<doc>Click the element identified by ``locator``.</doc>
<status status="PASS" start="2024-09-29T14:10:53.924859" elapsed="0.060109"/>
</kw>
<kw name="Click Element" owner="SeleniumLibrary">
<msg time="2024-09-29T14:10:53.984968" level="INFO">Clicking element 'xpath=//label[@for='RESULT_CheckBox-8_3']'.</msg>
<arg>xpath=//label[@for='RESULT_CheckBox-8_3']</arg>
<doc>Click the element identified by ``locator``.</doc>
<status status="PASS" start="2024-09-29T14:10:53.984968" elapsed="0.063055"/>
</kw>
<kw name="Click Element" owner="SeleniumLibrary">
<msg time="2024-09-29T14:10:54.048023" level="INFO">Clicking element 'xpath=//label[@for='RESULT_CheckBox-8_4']'.</msg>
<arg>xpath=//label[@for='RESULT_CheckBox-8_4']</arg>
<doc>Click the element identified by ``locator``.</doc>
<status status="PASS" start="2024-09-29T14:10:54.048023" elapsed="0.061178"/>
</kw>
<kw name="Click Element" owner="SeleniumLibrary">
<msg time="2024-09-29T14:10:54.109201" level="INFO">Clicking element 'xpath=//label[@for='RESULT_CheckBox-8_5']'.</msg>
<arg>xpath=//label[@for='RESULT_CheckBox-8_5']</arg>
<doc>Click the element identified by ``locator``.</doc>
<status status="PASS" start="2024-09-29T14:10:54.109201" elapsed="0.069814"/>
</kw>
<kw name="Click Element" owner="SeleniumLibrary">
<msg time="2024-09-29T14:10:54.185042" level="INFO">Clicking element 'xpath=//label[@for='RESULT_CheckBox-8_6']'.</msg>
<arg>xpath=//label[@for='RESULT_CheckBox-8_6']</arg>
<doc>Click the element identified by ``locator``.</doc>
<status status="PASS" start="2024-09-29T14:10:54.179015" elapsed="0.069449"/>
</kw>
<kw name="Select From List By Label" owner="SeleniumLibrary">
<msg time="2024-09-29T14:10:54.248464" level="INFO">Selecting options from selection list 'RESULT_RadioButton-9' by label Afternoon.</msg>
<arg>RESULT_RadioButton-9</arg>
<arg>Afternoon</arg>
<doc>Selects options from selection list ``locator`` by ``labels``.</doc>
<status status="PASS" start="2024-09-29T14:10:54.248464" elapsed="0.108178"/>
</kw>
<kw name="Select From List By Index" owner="SeleniumLibrary">
<msg time="2024-09-29T14:10:54.356642" level="INFO">Selecting options from selection list 'RESULT_RadioButton-9' by index 2.</msg>
<arg>RESULT_RadioButton-9</arg>
<arg>2</arg>
<doc>Selects options from selection list ``locator`` by ``indexes``.</doc>
<status status="PASS" start="2024-09-29T14:10:54.356642" elapsed="0.108042"/>
</kw>
<kw name="Close Browser" owner="SeleniumLibrary">
<doc>Closes the current browser.</doc>
<status status="PASS" start="2024-09-29T14:10:54.464684" elapsed="2.215674"/>
</kw>
<status status="PASS" start="2024-09-29T14:10:48.533201" elapsed="8.147218"/>
</test>
<status status="PASS" start="2024-09-29T14:10:48.354704" elapsed="8.325715"/>
</suite>
<status status="PASS" start="2024-09-29T14:10:48.334616" elapsed="8.345803"/>
</suite>
<statistics>
<total>
<stat pass="1" fail="0" skip="0">All Tests</stat>
</total>
<tag>
</tag>
<suite>
<stat pass="1" fail="0" skip="0" id="s1" name="OrgeHRM">OrgeHRM</stat>
<stat pass="1" fail="0" skip="0" id="s1-s1" name="Imlicitwait">OrgeHRM.Imlicitwait</stat>
</suite>
</statistics>
<errors>
</errors>
</robot>
