<?xml version="1.0" encoding="UTF-8"?>
<robot generator="Robot 7.0.1 (Python 3.11.3 on win32)" generated="2024-09-29T13:56:53.066292" rpa="false" schemaversion="5">
<suite id="s1" name="Suites">
<suite id="s1-s1" name="RightClick" source="C:\Users\Shree\Desktop\New_Python\Mouse_actions\RightClick.robot">
<test id="s1-s1-t1" name="Mouse_Click" line="5">
<kw name="Open Browser" owner="SeleniumLibrary">
<msg time="2024-09-29T13:56:53.266995" level="INFO">Opening browser 'chrome' to base url 'https://swisnl.github.io/jQuery-contextMenu/demo.html'.</msg>
<arg>https://swisnl.github.io/jQuery-contextMenu/demo.html</arg>
<arg>chrome</arg>
<doc>Opens a new browser instance to the optional ``url``.</doc>
<status status="PASS" start="2024-09-29T13:56:53.266995" elapsed="6.313286"/>
</kw>
<kw name="Maximize Browser Window" owner="SeleniumLibrary">
<doc>Maximizes current browser window.</doc>
<status status="PASS" start="2024-09-29T13:56:59.580281" elapsed="0.095944"/>
</kw>
<kw name="Open Context Menu" owner="SeleniumLibrary">
<arg>xpath://section[@class='wy-nav-content-wrap']//ul[1]//li[1]//following::span[@class='context-menu-one btn btn-neutral']</arg>
<doc>Opens the context menu on the element identified by ``locator``.</doc>
<status status="PASS" start="2024-09-29T13:56:59.676225" elapsed="0.398677"/>
</kw>
<kw name="Sleep" owner="BuiltIn">
<msg time="2024-09-29T13:57:05.075340" level="INFO">Slept 5 seconds.</msg>
<arg>5</arg>
<doc>Pauses the test executed for the given time.</doc>
<status status="PASS" start="2024-09-29T13:57:00.074902" elapsed="5.000438"/>
</kw>
<kw name="Go To" owner="SeleniumLibrary">
<msg time="2024-09-29T13:57:05.075340" level="INFO">Opening url 'https://testautomationpractice.blogspot.com/'</msg>
<arg>https://testautomationpractice.blogspot.com/</arg>
<doc>Navigates the current browser window to the provided ``url``.</doc>
<status status="PASS" start="2024-09-29T13:57:05.075340" elapsed="6.515964"/>
</kw>
<kw name="Scroll Element Into View" owner="SeleniumLibrary">
<arg>xpath://p[normalize-space()='Drag me to my target']</arg>
<doc>Scrolls the element identified by ``locator`` into view.</doc>
<status status="PASS" start="2024-09-29T13:57:11.594825" elapsed="0.335396"/>
</kw>
<kw name="Double Click Element" owner="SeleniumLibrary">
<msg time="2024-09-29T13:57:11.930221" level="INFO">Double clicking element 'xpath://button[normalize-space()='Copy Text']'.</msg>
<arg>xpath://button[normalize-space()='Copy Text']</arg>
<doc>Double clicks the element identified by ``locator``.</doc>
<status status="PASS" start="2024-09-29T13:57:11.930221" elapsed="0.315125"/>
</kw>
<kw name="Sleep" owner="BuiltIn">
<msg time="2024-09-29T13:57:15.245860" level="INFO">Slept 3 seconds.</msg>
<arg>3</arg>
<doc>Pauses the test executed for the given time.</doc>
<status status="PASS" start="2024-09-29T13:57:12.245346" elapsed="3.000514"/>
</kw>
<kw name="Go To" owner="SeleniumLibrary">
<msg time="2024-09-29T13:57:15.245860" level="INFO">Opening url 'http://www.dhtmlgoodies.com/scripts/drag-drop-custom/demo-drag-drop-3.html'</msg>
<arg>http://www.dhtmlgoodies.com/scripts/drag-drop-custom/demo-drag-drop-3.html</arg>
<doc>Navigates the current browser window to the provided ``url``.</doc>
<status status="PASS" start="2024-09-29T13:57:15.245860" elapsed="8.519137"/>
</kw>
<kw name="Maximize Browser Window" owner="SeleniumLibrary">
<doc>Maximizes current browser window.</doc>
<status status="PASS" start="2024-09-29T13:57:23.764997" elapsed="0.000000"/>
</kw>
<kw name="Drag And Drop" owner="SeleniumLibrary">
<arg>id:box3</arg>
<arg>id:box103</arg>
<doc>Drags the element identified by ``locator`` into the ``target`` element.</doc>
<status status="PASS" start="2024-09-29T13:57:23.764997" elapsed="0.585278"/>
</kw>
<status status="PASS" start="2024-09-29T13:56:53.266995" elapsed="31.083280"/>
</test>
<status status="PASS" start="2024-09-29T13:56:53.095418" elapsed="31.254857"/>
</suite>
<status status="PASS" start="2024-09-29T13:56:53.075569" elapsed="31.279263"/>
</suite>
<statistics>
<total>
<stat pass="1" fail="0" skip="0">All Tests</stat>
</total>
<tag>
</tag>
<suite>
<stat pass="1" fail="0" skip="0" id="s1" name="Suites">Suites</stat>
<stat pass="1" fail="0" skip="0" id="s1-s1" name="RightClick">Suites.RightClick</stat>
</suite>
</statistics>
<errors>
</errors>
</robot>
