<?xml version="1.0" encoding="UTF-8"?>
<robot generator="Robot 7.0.1 (Python 3.11.3 on win32)" generated="2024-09-29T13:56:51.819818" rpa="false" schemaversion="5">
<suite id="s1" name="Suites">
<suite id="s1-s1" name="Forloop" source="C:\Users\Shree\Desktop\New_Python\Mouse_actions\Forloop.robot">
<test id="s1-s1-t1" name="ForLoop1" line="5">
<for flavor="IN RANGE">
<iter>
<kw name="Log To Console" owner="BuiltIn">
<arg>${i}</arg>
<doc>Logs the given message to the console.</doc>
<status status="PASS" start="2024-09-29T13:56:52.104787" elapsed="0.000000"/>
</kw>
<var name="${i}">0</var>
<status status="PASS" start="2024-09-29T13:56:52.104787" elapsed="0.000000"/>
</iter>
<iter>
<kw name="Log To Console" owner="BuiltIn">
<arg>${i}</arg>
<doc>Logs the given message to the console.</doc>
<status status="PASS" start="2024-09-29T13:56:52.104787" elapsed="0.000000"/>
</kw>
<var name="${i}">1</var>
<status status="PASS" start="2024-09-29T13:56:52.104787" elapsed="0.000000"/>
</iter>
<iter>
<kw name="Log To Console" owner="BuiltIn">
<arg>${i}</arg>
<doc>Logs the given message to the console.</doc>
<status status="PASS" start="2024-09-29T13:56:52.104787" elapsed="0.000000"/>
</kw>
<var name="${i}">2</var>
<status status="PASS" start="2024-09-29T13:56:52.104787" elapsed="0.000000"/>
</iter>
<iter>
<kw name="Log To Console" owner="BuiltIn">
<arg>${i}</arg>
<doc>Logs the given message to the console.</doc>
<status status="PASS" start="2024-09-29T13:56:52.104787" elapsed="0.000000"/>
</kw>
<var name="${i}">3</var>
<status status="PASS" start="2024-09-29T13:56:52.104787" elapsed="0.000000"/>
</iter>
<iter>
<kw name="Log To Console" owner="BuiltIn">
<arg>${i}</arg>
<doc>Logs the given message to the console.</doc>
<status status="PASS" start="2024-09-29T13:56:52.104787" elapsed="0.000000"/>
</kw>
<var name="${i}">4</var>
<status status="PASS" start="2024-09-29T13:56:52.104787" elapsed="0.000000"/>
</iter>
<iter>
<kw name="Log To Console" owner="BuiltIn">
<arg>${i}</arg>
<doc>Logs the given message to the console.</doc>
<status status="PASS" start="2024-09-29T13:56:52.111719" elapsed="0.000000"/>
</kw>
<var name="${i}">5</var>
<status status="PASS" start="2024-09-29T13:56:52.111639" elapsed="0.000080"/>
</iter>
<iter>
<kw name="Log To Console" owner="BuiltIn">
<arg>${i}</arg>
<doc>Logs the given message to the console.</doc>
<status status="PASS" start="2024-09-29T13:56:52.111719" elapsed="0.000000"/>
</kw>
<var name="${i}">6</var>
<status status="PASS" start="2024-09-29T13:56:52.111719" elapsed="0.000000"/>
</iter>
<iter>
<kw name="Log To Console" owner="BuiltIn">
<arg>${i}</arg>
<doc>Logs the given message to the console.</doc>
<status status="PASS" start="2024-09-29T13:56:52.111719" elapsed="0.000000"/>
</kw>
<var name="${i}">7</var>
<status status="PASS" start="2024-09-29T13:56:52.111719" elapsed="0.000000"/>
</iter>
<iter>
<kw name="Log To Console" owner="BuiltIn">
<arg>${i}</arg>
<doc>Logs the given message to the console.</doc>
<status status="PASS" start="2024-09-29T13:56:52.111719" elapsed="0.003060"/>
</kw>
<var name="${i}">8</var>
<status status="PASS" start="2024-09-29T13:56:52.111719" elapsed="0.003060"/>
</iter>
<iter>
<kw name="Log To Console" owner="BuiltIn">
<arg>${i}</arg>
<doc>Logs the given message to the console.</doc>
<status status="PASS" start="2024-09-29T13:56:52.114779" elapsed="0.000000"/>
</kw>
<var name="${i}">9</var>
<status status="PASS" start="2024-09-29T13:56:52.114779" elapsed="0.000000"/>
</iter>
<var>${i}</var>
<value>0</value>
<value>10</value>
<status status="PASS" start="2024-09-29T13:56:52.104787" elapsed="0.009992"/>
</for>
<tag>sanity</tag>
<status status="PASS" start="2024-09-29T13:56:52.104787" elapsed="0.009992"/>
</test>
<test id="s1-s1-t2" name="ForLoop2" line="12">
<for flavor="IN">
<iter>
<kw name="Log To Console" owner="BuiltIn">
<arg>${ii}</arg>
<doc>Logs the given message to the console.</doc>
<status status="PASS" start="2024-09-29T13:56:52.114779" elapsed="0.000000"/>
</kw>
<var name="${ii}">1</var>
<status status="PASS" start="2024-09-29T13:56:52.114779" elapsed="0.000000"/>
</iter>
<iter>
<kw name="Log To Console" owner="BuiltIn">
<arg>${ii}</arg>
<doc>Logs the given message to the console.</doc>
<status status="PASS" start="2024-09-29T13:56:52.120364" elapsed="0.000000"/>
</kw>
<var name="${ii}">2</var>
<status status="PASS" start="2024-09-29T13:56:52.119976" elapsed="0.000388"/>
</iter>
<iter>
<kw name="Log To Console" owner="BuiltIn">
<arg>${ii}</arg>
<doc>Logs the given message to the console.</doc>
<status status="PASS" start="2024-09-29T13:56:52.120364" elapsed="0.000000"/>
</kw>
<var name="${ii}">3</var>
<status status="PASS" start="2024-09-29T13:56:52.120364" elapsed="0.000000"/>
</iter>
<iter>
<kw name="Log To Console" owner="BuiltIn">
<arg>${ii}</arg>
<doc>Logs the given message to the console.</doc>
<status status="PASS" start="2024-09-29T13:56:52.120364" elapsed="0.000000"/>
</kw>
<var name="${ii}">4</var>
<status status="PASS" start="2024-09-29T13:56:52.120364" elapsed="0.000000"/>
</iter>
<iter>
<kw name="Log To Console" owner="BuiltIn">
<arg>${ii}</arg>
<doc>Logs the given message to the console.</doc>
<status status="PASS" start="2024-09-29T13:56:52.120364" elapsed="0.000000"/>
</kw>
<var name="${ii}">5</var>
<status status="PASS" start="2024-09-29T13:56:52.120364" elapsed="0.000000"/>
</iter>
<iter>
<kw name="Log To Console" owner="BuiltIn">
<arg>${ii}</arg>
<doc>Logs the given message to the console.</doc>
<status status="PASS" start="2024-09-29T13:56:52.120364" elapsed="0.000000"/>
</kw>
<var name="${ii}">6</var>
<status status="PASS" start="2024-09-29T13:56:52.120364" elapsed="0.000000"/>
</iter>
<iter>
<kw name="Log To Console" owner="BuiltIn">
<arg>${ii}</arg>
<doc>Logs the given message to the console.</doc>
<status status="PASS" start="2024-09-29T13:56:52.120364" elapsed="0.000000"/>
</kw>
<var name="${ii}">7</var>
<status status="PASS" start="2024-09-29T13:56:52.120364" elapsed="0.000000"/>
</iter>
<iter>
<kw name="Log To Console" owner="BuiltIn">
<arg>${ii}</arg>
<doc>Logs the given message to the console.</doc>
<status status="PASS" start="2024-09-29T13:56:52.124868" elapsed="0.000052"/>
</kw>
<var name="${ii}">8</var>
<status status="PASS" start="2024-09-29T13:56:52.120364" elapsed="0.004556"/>
</iter>
<var>${ii}</var>
<value>1</value>
<value>2</value>
<value>3</value>
<value>4</value>
<value>5</value>
<value>6</value>
<value>7</value>
<value>8</value>
<status status="PASS" start="2024-09-29T13:56:52.114779" elapsed="0.010141"/>
</for>
<tag>regression</tag>
<status status="PASS" start="2024-09-29T13:56:52.114779" elapsed="0.010141"/>
</test>
<test id="s1-s1-t3" name="ForLoop3" line="18">
<kw name="Create List" owner="BuiltIn">
<msg time="2024-09-29T13:56:52.124920" level="INFO">@{item} = [ 1 | 2 | 3 | 4 | 5 ]</msg>
<var>@{item}</var>
<arg>1</arg>
<arg>2</arg>
<arg>3</arg>
<arg>4</arg>
<arg>5</arg>
<doc>Returns a list containing given items.</doc>
<status status="PASS" start="2024-09-29T13:56:52.124920" elapsed="0.000000"/>
</kw>
<for flavor="IN">
<iter>
<kw name="Log To Console" owner="BuiltIn">
<arg>${i}</arg>
<doc>Logs the given message to the console.</doc>
<status status="PASS" start="2024-09-29T13:56:52.124920" elapsed="0.000000"/>
</kw>
<var name="${i}">1</var>
<status status="PASS" start="2024-09-29T13:56:52.124920" elapsed="0.000000"/>
</iter>
<iter>
<kw name="Log To Console" owner="BuiltIn">
<arg>${i}</arg>
<doc>Logs the given message to the console.</doc>
<status status="PASS" start="2024-09-29T13:56:52.124920" elapsed="0.000000"/>
</kw>
<var name="${i}">2</var>
<status status="PASS" start="2024-09-29T13:56:52.124920" elapsed="0.000000"/>
</iter>
<iter>
<kw name="Log To Console" owner="BuiltIn">
<arg>${i}</arg>
<doc>Logs the given message to the console.</doc>
<status status="PASS" start="2024-09-29T13:56:52.124920" elapsed="0.000000"/>
</kw>
<var name="${i}">3</var>
<status status="PASS" start="2024-09-29T13:56:52.124920" elapsed="0.000000"/>
</iter>
<iter>
<kw name="Log To Console" owner="BuiltIn">
<arg>${i}</arg>
<doc>Logs the given message to the console.</doc>
<status status="PASS" start="2024-09-29T13:56:52.124920" elapsed="0.005008"/>
</kw>
<var name="${i}">4</var>
<status status="PASS" start="2024-09-29T13:56:52.124920" elapsed="0.005008"/>
</iter>
<iter>
<kw name="Log To Console" owner="BuiltIn">
<arg>${i}</arg>
<doc>Logs the given message to the console.</doc>
<status status="PASS" start="2024-09-29T13:56:52.129928" elapsed="0.000000"/>
</kw>
<var name="${i}">5</var>
<status status="PASS" start="2024-09-29T13:56:52.129928" elapsed="0.000000"/>
</iter>
<var>${i}</var>
<value>@{item}</value>
<status status="PASS" start="2024-09-29T13:56:52.124920" elapsed="0.005008"/>
</for>
<status status="PASS" start="2024-09-29T13:56:52.124920" elapsed="0.005008"/>
</test>
<test id="s1-s1-t4" name="ForLoop4" line="24">
<for flavor="IN">
<iter>
<kw name="Log To Console" owner="BuiltIn">
<arg>${i}</arg>
<doc>Logs the given message to the console.</doc>
<status status="PASS" start="2024-09-29T13:56:52.129928" elapsed="0.000000"/>
</kw>
<var name="${i}">Vishal</var>
<status status="PASS" start="2024-09-29T13:56:52.129928" elapsed="0.000000"/>
</iter>
<iter>
<kw name="Log To Console" owner="BuiltIn">
<arg>${i}</arg>
<doc>Logs the given message to the console.</doc>
<status status="PASS" start="2024-09-29T13:56:52.129928" elapsed="0.000000"/>
</kw>
<var name="${i}">Mayur</var>
<status status="PASS" start="2024-09-29T13:56:52.129928" elapsed="0.000000"/>
</iter>
<iter>
<kw name="Log To Console" owner="BuiltIn">
<arg>${i}</arg>
<doc>Logs the given message to the console.</doc>
<status status="PASS" start="2024-09-29T13:56:52.134974" elapsed="0.000000"/>
</kw>
<var name="${i}">Rishikesh</var>
<status status="PASS" start="2024-09-29T13:56:52.129928" elapsed="0.005046"/>
</iter>
<iter>
<kw name="Log To Console" owner="BuiltIn">
<arg>${i}</arg>
<doc>Logs the given message to the console.</doc>
<status status="PASS" start="2024-09-29T13:56:52.134974" elapsed="0.000000"/>
</kw>
<var name="${i}">Krishna</var>
<status status="PASS" start="2024-09-29T13:56:52.134974" elapsed="0.000000"/>
</iter>
<iter>
<kw name="Log To Console" owner="BuiltIn">
<arg>${i}</arg>
<doc>Logs the given message to the console.</doc>
<status status="PASS" start="2024-09-29T13:56:52.134974" elapsed="0.000000"/>
</kw>
<var name="${i}">Shilok</var>
<status status="PASS" start="2024-09-29T13:56:52.134974" elapsed="0.000000"/>
</iter>
<var>${i}</var>
<value>Vishal</value>
<value>Mayur</value>
<value>Rishikesh</value>
<value>Krishna</value>
<value>Shilok</value>
<status status="PASS" start="2024-09-29T13:56:52.129928" elapsed="0.005046"/>
</for>
<tag>regression</tag>
<status status="PASS" start="2024-09-29T13:56:52.129928" elapsed="0.005046"/>
</test>
<test id="s1-s1-t5" name="ForLoop5" line="30">
<kw name="Create List" owner="BuiltIn">
<msg time="2024-09-29T13:56:52.134974" level="INFO">@{namelist} = [ Arti vishal harane bhagwat Rukhminna ]</msg>
<var>@{namelist}</var>
<arg>Arti vishal harane bhagwat Rukhminna</arg>
<doc>Returns a list containing given items.</doc>
<status status="PASS" start="2024-09-29T13:56:52.134974" elapsed="0.000000"/>
</kw>
<for flavor="IN">
<iter>
<kw name="Log To Console" owner="BuiltIn">
<arg>@{namelist}</arg>
<doc>Logs the given message to the console.</doc>
<status status="PASS" start="2024-09-29T13:56:52.140424" elapsed="0.000000"/>
</kw>
<var name="${i}">Arti vishal harane bhagwat Rukhminna</var>
<status status="PASS" start="2024-09-29T13:56:52.140424" elapsed="0.000000"/>
</iter>
<var>${i}</var>
<value>@{namelist}</value>
<status status="PASS" start="2024-09-29T13:56:52.139981" elapsed="0.000443"/>
</for>
<tag>sanity</tag>
<status status="PASS" start="2024-09-29T13:56:52.134974" elapsed="0.005450"/>
</test>
<test id="s1-s1-t6" name="ForLoop6Exit" line="37">
<kw name="Create List" owner="BuiltIn">
<msg time="2024-09-29T13:56:52.140424" level="INFO">@{item} = [ 1 | 2 | 3 | 4 | 5 ]</msg>
<var>@{item}</var>
<arg>1</arg>
<arg>2</arg>
<arg>3</arg>
<arg>4</arg>
<arg>5</arg>
<doc>Returns a list containing given items.</doc>
<status status="PASS" start="2024-09-29T13:56:52.140424" elapsed="0.000000"/>
</kw>
<for flavor="IN">
<iter>
<kw name="Log To Console" owner="BuiltIn">
<arg>${i}</arg>
<doc>Logs the given message to the console.</doc>
<status status="PASS" start="2024-09-29T13:56:52.140424" elapsed="0.000000"/>
</kw>
<kw name="Exit For Loop If" owner="BuiltIn">
<arg>${i} == 3</arg>
<doc>Stops executing the enclosing FOR loop if the ``condition`` is true.</doc>
<status status="PASS" start="2024-09-29T13:56:52.140424" elapsed="0.004518"/>
</kw>
<var name="${i}">1</var>
<status status="PASS" start="2024-09-29T13:56:52.140424" elapsed="0.004518"/>
</iter>
<iter>
<kw name="Log To Console" owner="BuiltIn">
<arg>${i}</arg>
<doc>Logs the given message to the console.</doc>
<status status="PASS" start="2024-09-29T13:56:52.144942" elapsed="0.000000"/>
</kw>
<kw name="Exit For Loop If" owner="BuiltIn">
<arg>${i} == 3</arg>
<doc>Stops executing the enclosing FOR loop if the ``condition`` is true.</doc>
<status status="PASS" start="2024-09-29T13:56:52.144942" elapsed="0.000000"/>
</kw>
<var name="${i}">2</var>
<status status="PASS" start="2024-09-29T13:56:52.144942" elapsed="0.000000"/>
</iter>
<iter>
<kw name="Log To Console" owner="BuiltIn">
<arg>${i}</arg>
<doc>Logs the given message to the console.</doc>
<status status="PASS" start="2024-09-29T13:56:52.144942" elapsed="0.000000"/>
</kw>
<kw name="Exit For Loop If" owner="BuiltIn">
<msg time="2024-09-29T13:56:52.144942" level="INFO">Exiting for loop altogether.</msg>
<arg>${i} == 3</arg>
<doc>Stops executing the enclosing FOR loop if the ``condition`` is true.</doc>
<status status="PASS" start="2024-09-29T13:56:52.144942" elapsed="0.000000"/>
</kw>
<var name="${i}">3</var>
<status status="PASS" start="2024-09-29T13:56:52.144942" elapsed="0.000000"/>
</iter>
<var>${i}</var>
<value>@{item}</value>
<status status="PASS" start="2024-09-29T13:56:52.140424" elapsed="0.004518"/>
</for>
<status status="PASS" start="2024-09-29T13:56:52.140424" elapsed="0.004518"/>
</test>
<status status="PASS" start="2024-09-29T13:56:51.874876" elapsed="0.270066"/>
</suite>
<status status="PASS" start="2024-09-29T13:56:51.836009" elapsed="0.308933"/>
</suite>
<statistics>
<total>
<stat pass="6" fail="0" skip="0">All Tests</stat>
</total>
<tag>
<stat pass="2" fail="0" skip="0">regression</stat>
<stat pass="2" fail="0" skip="0">sanity</stat>
</tag>
<suite>
<stat pass="6" fail="0" skip="0" id="s1" name="Suites">Suites</stat>
<stat pass="6" fail="0" skip="0" id="s1-s1" name="Forloop">Suites.Forloop</stat>
</suite>
</statistics>
<errors>
</errors>
</robot>
