<?xml version="1.0" encoding="UTF-8"?>
<robot generator="Robot 7.0.1 (Python 3.11.3 on win32)" generated="2024-09-29T14:10:49.840241" rpa="false" schemaversion="5">
<suite id="s1" name="OrgeHRM" source="C:\Users\Shree\Desktop\New_Python\OrgeHRM">
<suite id="s1-s1" name="Opennew" source="C:\Users\Shree\Desktop\New_Python\OrgeHRM\opennew.robot">
<test id="s1-s1-t1" name="My TestCase" line="5">
<kw name="Open Browser" owner="SeleniumLibrary">
<msg time="2024-09-29T14:10:50.591710" level="INFO">Opening browser 'chrome' to base url 'https://fs2.formsite.com/meherpavan/form2/index.html?1537702596407'.</msg>
<arg>https://fs2.formsite.com/meherpavan/form2/index.html?1537702596407</arg>
<arg>chrome</arg>
<doc>Opens a new browser instance to the optional ``url``.</doc>
<status status="PASS" start="2024-09-29T14:10:50.590652" elapsed="4.304399"/>
</kw>
<kw name="Maximize Browser Window" owner="SeleniumLibrary">
<doc>Maximizes current browser window.</doc>
<status status="PASS" start="2024-09-29T14:10:54.897261" elapsed="0.033215"/>
</kw>
<kw name="Open Browser" owner="SeleniumLibrary">
<msg time="2024-09-29T14:10:54.934796" level="INFO">Opening browser 'chrome' to base url 'https://www.saucedemo.com/'.</msg>
<arg>https://www.saucedemo.com/</arg>
<arg>chrome</arg>
<doc>Opens a new browser instance to the optional ``url``.</doc>
<status status="PASS" start="2024-09-29T14:10:54.930476" elapsed="3.902841"/>
</kw>
<kw name="Close All Browsers" owner="SeleniumLibrary">
<doc>Closes all open browsers and resets the browser cache.</doc>
<status status="PASS" start="2024-09-29T14:10:58.834846" elapsed="12.630420"/>
</kw>
<status status="PASS" start="2024-09-29T14:10:50.587646" elapsed="20.878283"/>
</test>
<status status="PASS" start="2024-09-29T14:10:49.992257" elapsed="21.474174"/>
</suite>
<status status="PASS" start="2024-09-29T14:10:49.872062" elapsed="21.597249"/>
</suite>
<statistics>
<total>
<stat pass="1" fail="0" skip="0">All Tests</stat>
</total>
<tag>
</tag>
<suite>
<stat pass="1" fail="0" skip="0" id="s1" name="OrgeHRM">OrgeHRM</stat>
<stat pass="1" fail="0" skip="0" id="s1-s1" name="Opennew">OrgeHRM.Opennew</stat>
</suite>
</statistics>
<errors>
</errors>
</robot>
